<?xml version="1.0" encoding="UTF-8"?>
<!-- Generated by org.testng.reporters.JUnitXMLReporter -->
<testsuite ignored="4" hostname="Vivek-PC" failures="2" tests="11" name="Test" time="75.465" errors="0" timestamp="2025-07-29T20:26:24 IST">
  <testcase classname="tests.Login" name="loginWithValidCredentials" time="32.75">
    <failure type="java.lang.AssertionError" message="Logout link not found after login.">
      <![CDATA[java.lang.AssertionError: Logout link not found after login.
at tests.Login.loginWithValidCredentials(Login.java:67)
at java.base/java.util.ArrayList.forEach(ArrayList.java:1511)
... Removed 28 stack frames]]>
    </failure>
  </testcase> <!-- loginWithValidCredentials -->
  <testcase classname="tests.Login" name="loginWithInvalidUsername" time="1.004"/>
  <testcase classname="tests.Login" name="loginWithInvalidPassword" time="1.172"/>
  <testcase classname="tests.Login" name="loginWithInvalidUsernamePassword" time="0.833"/>
  <testcase classname="tests.Login" name="loginWithBlankUsernamePassword" time="1.089"/>
  <testcase classname="tests.Search" name="searchForValidProduct" time="0.73"/>
  <testcase classname="tests.Search" name="searchWithInvalidProduct" time="0.553"/>
  <testcase classname="tests.Search" name="searchWithNoProduct" time="0.41">
    <failure type="java.lang.AssertionError" message="No product message is not as expected. expected [There is no product that matches the search criteria.***] but found [There is no product that matches the search criteria.]">
      <![CDATA[java.lang.AssertionError: No product message is not as expected. expected [There is no product that matches the search criteria.***] but found [There is no product that matches the search criteria.]
at tests.Search.searchWithNoProduct(Search.java:70)
at java.base/java.util.ArrayList.forEach(ArrayList.java:1511)
... Removed 32 stack frames]]>
    </failure>
  </testcase> <!-- searchWithNoProduct -->
  <testcase classname="tests.Register" name="registerWithAllfield" time="1.881"/>
  <testcase classname="tests.Register" name="registerWithMandatoryField" time="1.739"/>
  <testcase classname="tests.Register" name="registerWithoutEnteringAnyDetails" time="1.117"/>
  <testcase classname="Base.BaseTest" name="@BeforeSuite setupExtentReport" time="0.0">
    <ignored/>
  </testcase> <!-- @BeforeSuite setupExtentReport -->
  <testcase classname="Base.BaseTest" name="@AfterSuite tearDown" time="0.0">
    <ignored/>
  </testcase> <!-- @AfterSuite tearDown -->
  <testcase classname="Base.BaseTest" name="@BeforeSuite setupExtentReport" time="0.0">
    <ignored/>
  </testcase> <!-- @BeforeSuite setupExtentReport -->
  <testcase classname="Base.BaseTest" name="@AfterSuite tearDown" time="0.0">
    <ignored/>
  </testcase> <!-- @AfterSuite tearDown -->
</testsuite> <!-- Test -->
